<?xml version="1.0" encoding="UTF-8"?>
<!-- Generated by org.testng.reporters.JUnitXMLReporter -->
<testsuite ignored="0" hostname="DESKTOP-DAMB4Q8" failures="0" tests="4" name="Default test" time="0.111" errors="0" timestamp="2022-05-24T22:39:24 IST">
  <testcase classname="testclass.VerifyHeader" name="@BeforeTest launchbrowser" time="-1.653412164362E9">
    <failure type="org.testng.TestNGException" message="
Parameter &amp;apos;browserName&amp;apos; is required by BeforeTest on method launchbrowser but has not been marked @Optional or defined
in C:\Users\Sagar\AppData\Local\Temp\testng-eclipse-1636040111\testng-customsuite.xml">
      <![CDATA[org.testng.TestNGException: 
Parameter 'browserName' is required by BeforeTest on method launchbrowser but has not been marked @Optional or defined
in C:\Users\Sagar\AppData\Local\Temp\testng-eclipse-1636040111\testng-customsuite.xml
at org.testng.internal.Parameters.createParams(Parameters.java:270)
at org.testng.internal.Parameters.createParametersForMethod(Parameters.java:358)
at org.testng.internal.Parameters.createParameters(Parameters.java:700)
at org.testng.internal.Parameters.createConfigurationParameters(Parameters.java:168)
at org.testng.internal.ConfigInvoker.invokeConfigurations(ConfigInvoker.java:302)
at org.testng.TestRunner.invokeTestConfigurations(TestRunner.java:637)
at org.testng.TestRunner.beforeRun(TestRunner.java:627)
at org.testng.TestRunner.run(TestRunner.java:589)
at org.testng.SuiteRunner.runTest(SuiteRunner.java:377)
at org.testng.SuiteRunner.runSequentially(SuiteRunner.java:371)
at org.testng.SuiteRunner.privateRun(SuiteRunner.java:332)
at org.testng.SuiteRunner.run(SuiteRunner.java:276)
at org.testng.SuiteRunnerWorker.runSuite(SuiteRunnerWorker.java:53)
at org.testng.SuiteRunnerWorker.run(SuiteRunnerWorker.java:96)
at org.testng.TestNG.runSuitesSequentially(TestNG.java:1212)
at org.testng.TestNG.runSuitesLocally(TestNG.java:1134)
at org.testng.TestNG.runSuites(TestNG.java:1063)
at org.testng.TestNG.run(TestNG.java:1031)
at org.testng.remote.AbstractRemoteTestNG.run(AbstractRemoteTestNG.java:115)
at org.testng.remote.RemoteTestNG.initAndRun(RemoteTestNG.java:251)
at org.testng.remote.RemoteTestNG.main(RemoteTestNG.java:77)
]]>
    </failure>
  </testcase> <!-- @BeforeTest launchbrowser -->
  <testcase classname="testclass.VerifyHeader" name="@BeforeClass createPomObject" time="-1.653412164403E9">
    <skipped/>
  </testcase> <!-- @BeforeClass createPomObject -->
  <testcase classname="testclass.VerifyHeader" name="@BeforeMethod logintoapp" time="-1.653412164426E9">
    <skipped/>
  </testcase> <!-- @BeforeMethod logintoapp -->
  <testcase classname="testclass.VerifyHeader" name="@AfterMethod logoutfromapp" time="-1.653412164434E9">
    <skipped/>
  </testcase> <!-- @AfterMethod logoutfromapp -->
  <testcase classname="testclass.VerifyHeader" name="@BeforeMethod logintoapp" time="-1.65341216444E9">
    <skipped/>
  </testcase> <!-- @BeforeMethod logintoapp -->
  <testcase classname="testclass.VerifyHeader" name="@AfterMethod logoutfromapp" time="-1.653412164445E9">
    <skipped/>
  </testcase> <!-- @AfterMethod logoutfromapp -->
  <testcase classname="testclass.VerifyHeader" name="@BeforeMethod logintoapp" time="-1.653412164447E9">
    <skipped/>
  </testcase> <!-- @BeforeMethod logintoapp -->
  <testcase classname="testclass.VerifyHeader" name="@AfterMethod logoutfromapp" time="-1.653412164452E9">
    <skipped/>
  </testcase> <!-- @AfterMethod logoutfromapp -->
  <testcase classname="testclass.VerifyHeader" name="@BeforeMethod logintoapp" time="-1.653412164455E9">
    <skipped/>
  </testcase> <!-- @BeforeMethod logintoapp -->
  <testcase classname="testclass.VerifyHeader" name="@AfterMethod logoutfromapp" time="-1.65341216446E9">
    <skipped/>
  </testcase> <!-- @AfterMethod logoutfromapp -->
  <testcase classname="testclass.VerifyHeader" name="@AfterClass clearObject" time="-1.653412164462E9">
    <skipped/>
  </testcase> <!-- @AfterClass clearObject -->
  <testcase classname="testclass.VerifyHeader" name="@AfterTest closebrowser" time="-1.653412164464E9">
    <skipped/>
  </testcase> <!-- @AfterTest closebrowser -->
  <testcase classname="testclass.VerifyHeader" name="checklogin" time="0.0">
    <skipped/>
  </testcase> <!-- checklogin -->
  <testcase classname="testclass.VerifyHeader" name="verifytasktab" time="0.0">
    <skipped/>
  </testcase> <!-- verifytasktab -->
  <testcase classname="testclass.VerifyHeader" name="verifyreportstab" time="0.0">
    <skipped/>
  </testcase> <!-- verifyreportstab -->
  <testcase classname="testclass.VerifyHeader" name="verifyuserstab" time="0.0">
    <skipped/>
  </testcase> <!-- verifyuserstab -->
</testsuite> <!-- Default test -->
